<?xml version="1.0" encoding="UTF-8"?>
<!-- Generated by org.testng.reporters.JUnitReportReporter -->
<testsuite hostname="DESKTOP-7FSHQUV" failures="0" tests="1" name="rtee.methods" time="10.320" errors="0" timestamp="2020-10-25T18:23:18 IST" skipped="0">
  <testcase classname="rtee.methods" name="rea" time="10.320"/>
</testsuite> <!-- rtee.methods -->
