<?xml version="1.0" encoding="UTF-8"?>
<!-- Generated by org.testng.reporters.JUnitReportReporter -->
<testsuite hostname="DESKTOP-7FSHQUV" failures="0" tests="1" name="ESPN_data.homepage" time="3.424" errors="0" timestamp="2020-08-16T19:11:00 IST" skipped="0">
  <testcase classname="ESPN_data.homepage" name="basepage" time="3.424"/>
  <system-out/>
</testsuite> <!-- ESPN_data.homepage -->
