<?xml version="1.0" encoding="UTF-8"?>
<!-- Generated by org.testng.reporters.JUnitReportReporter -->
<testsuite hostname="DESKTOP-7FSHQUV" failures="0" tests="1" name="test.mousehover2" time="96.208" errors="0" timestamp="2021-11-13T22:43:48 IST" skipped="0">
  <testcase classname="test.mousehover2" name="test" time="96.208"/>
  <system-out/>
</testsuite> <!-- test.mousehover2 -->
