<?xml version="1.0" encoding="UTF-8"?>
<!-- Generated by org.testng.reporters.JUnitReportReporter -->
<testsuite hostname="DESKTOP-7FSHQUV" failures="0" tests="1" name="test.mousehover" time="31.929" errors="0" timestamp="2021-11-12T22:47:15 IST" skipped="0">
  <testcase classname="test.mousehover" name="test" time="31.929"/>
  <system-out/>
</testsuite> <!-- test.mousehover -->
